{"D:\\SYNRGY ACADEMY\\Challenge\\Challenge\\car-management-dashboard\\api\\src\\index.ts": {"path":"D:\\SYNRGY ACADEMY\\Challenge\\Challenge\\car-management-dashboard\\api\\src\\index.ts","statementMap":{"0":{"start":{"line":1,"column":0},"end":{"line":1,"column":62}},"1":{"start":{"line":2,"column":0},"end":{"line":2,"column":43}},"2":{"start":{"line":3,"column":0},"end":{"line":3,"column":40}},"3":{"start":{"line":4,"column":0},"end":{"line":4,"column":44}},"4":{"start":{"line":5,"column":0},"end":{"line":5,"column":46}},"5":{"start":{"line":6,"column":0},"end":{"line":6,"column":26}},"6":{"start":{"line":7,"column":0},"end":{"line":7,"column":24}},"7":{"start":{"line":9,"column":21},"end":{"line":9,"column":30}},"8":{"start":{"line":10,"column":13},"end":{"line":10,"column":37}},"9":{"start":{"line":11,"column":24},"end":{"line":11,"column":51}},"10":{"start":{"line":13,"column":0},"end":{"line":13,"column":10}},"11":{"start":{"line":15,"column":0},"end":{"line":15,"column":16}},"12":{"start":{"line":16,"column":0},"end":{"line":16,"column":24}},"13":{"start":{"line":17,"column":0},"end":{"line":17,"column":48}},"14":{"start":{"line":19,"column":0},"end":{"line":19,"column":24}},"15":{"start":{"line":20,"column":0},"end":{"line":20,"column":30}},"16":{"start":{"line":22,"column":0},"end":{"line":22,"column":72}},"17":{"start":{"line":24,"column":0},"end":{"line":26,"column":3}},"18":{"start":{"line":25,"column":2},"end":{"line":25,"column":39}},"19":{"start":{"line":28,"column":0},"end":{"line":28,"column":78}},"20":{"start":{"line":28,"column":23},"end":{"line":28,"column":76}},"21":{"start":{"line":30,"column":0},"end":{"line":30,"column":19}}},"fnMap":{"0":{"name":"(anonymous_1)","decl":{"start":{"line":24,"column":13},"end":{"line":24,"column":14}},"loc":{"start":{"line":24,"column":45},"end":{"line":26,"column":1}}},"1":{"name":"(anonymous_2)","decl":{"start":{"line":28,"column":17},"end":{"line":28,"column":20}},"loc":{"start":{"line":28,"column":23},"end":{"line":28,"column":76}}}},"branchMap":{"0":{"loc":{"start":{"line":10,"column":13},"end":{"line":10,"column":37}},"type":"binary-expr","locations":[{"start":{"line":10,"column":13},"end":{"line":10,"column":29}},{"start":{"line":10,"column":33},"end":{"line":10,"column":37}}]}},"s":{"0":2,"1":2,"2":2,"3":2,"4":2,"5":2,"6":2,"7":2,"8":2,"9":2,"10":2,"11":2,"12":2,"13":2,"14":2,"15":2,"16":2,"17":2,"18":0,"19":2,"20":1,"21":2},"f":{"0":0,"1":1},"b":{"0":[2,2]}}
,"D:\\SYNRGY ACADEMY\\Challenge\\Challenge\\car-management-dashboard\\api\\src\\controllers\\car-controllers.ts": {"path":"D:\\SYNRGY ACADEMY\\Challenge\\Challenge\\car-management-dashboard\\api\\src\\controllers\\car-controllers.ts","statementMap":{"0":{"start":{"line":2,"column":0},"end":{"line":2,"column":55}},"1":{"start":{"line":18,"column":4},"end":{"line":23,"column":5}},"2":{"start":{"line":19,"column":19},"end":{"line":19,"column":45}},"3":{"start":{"line":20,"column":6},"end":{"line":20,"column":28}},"4":{"start":{"line":22,"column":6},"end":{"line":22,"column":77}},"5":{"start":{"line":27,"column":4},"end":{"line":48,"column":5}},"6":{"start":{"line":28,"column":30},"end":{"line":28,"column":38}},"7":{"start":{"line":30,"column":6},"end":{"line":34,"column":7}},"8":{"start":{"line":31,"column":8},"end":{"line":33,"column":62}},"9":{"start":{"line":36,"column":21},"end":{"line":36,"column":78}},"10":{"start":{"line":38,"column":6},"end":{"line":44,"column":7}},"11":{"start":{"line":39,"column":8},"end":{"line":39,"column":32}},"12":{"start":{"line":41,"column":8},"end":{"line":43,"column":66}},"13":{"start":{"line":46,"column":6},"end":{"line":46,"column":50}},"14":{"start":{"line":47,"column":6},"end":{"line":47,"column":72}},"15":{"start":{"line":52,"column":18},"end":{"line":52,"column":39}},"16":{"start":{"line":53,"column":4},"end":{"line":63,"column":5}},"17":{"start":{"line":54,"column":18},"end":{"line":54,"column":50}},"18":{"start":{"line":56,"column":6},"end":{"line":58,"column":7}},"19":{"start":{"line":57,"column":8},"end":{"line":57,"column":72}},"20":{"start":{"line":60,"column":6},"end":{"line":60,"column":27}},"21":{"start":{"line":62,"column":6},"end":{"line":62,"column":75}},"22":{"start":{"line":67,"column":18},"end":{"line":67,"column":39}},"23":{"start":{"line":68,"column":4},"end":{"line":78,"column":5}},"24":{"start":{"line":69,"column":25},"end":{"line":69,"column":61}},"25":{"start":{"line":71,"column":6},"end":{"line":75,"column":7}},"26":{"start":{"line":72,"column":8},"end":{"line":72,"column":63}},"27":{"start":{"line":74,"column":8},"end":{"line":74,"column":72}},"28":{"start":{"line":77,"column":6},"end":{"line":77,"column":70}},"29":{"start":{"line":82,"column":18},"end":{"line":82,"column":39}},"30":{"start":{"line":83,"column":4},"end":{"line":94,"column":5}},"31":{"start":{"line":84,"column":30},"end":{"line":84,"column":38}},"32":{"start":{"line":85,"column":25},"end":{"line":85,"column":89}},"33":{"start":{"line":87,"column":6},"end":{"line":91,"column":7}},"34":{"start":{"line":88,"column":8},"end":{"line":88,"column":74}},"35":{"start":{"line":90,"column":8},"end":{"line":90,"column":72}},"36":{"start":{"line":93,"column":6},"end":{"line":93,"column":78}},"37":{"start":{"line":98,"column":9},"end":{"line":98,"column":23}}},"fnMap":{"0":{"name":"(anonymous_7)","decl":{"start":{"line":17,"column":2},"end":{"line":17,"column":8}},"loc":{"start":{"line":17,"column":46},"end":{"line":24,"column":null}}},"1":{"name":"(anonymous_9)","decl":{"start":{"line":26,"column":2},"end":{"line":26,"column":8}},"loc":{"start":{"line":26,"column":47},"end":{"line":49,"column":null}}},"2":{"name":"(anonymous_11)","decl":{"start":{"line":51,"column":2},"end":{"line":51,"column":8}},"loc":{"start":{"line":51,"column":50},"end":{"line":64,"column":null}}},"3":{"name":"(anonymous_13)","decl":{"start":{"line":66,"column":2},"end":{"line":66,"column":8}},"loc":{"start":{"line":66,"column":53},"end":{"line":79,"column":null}}},"4":{"name":"(anonymous_15)","decl":{"start":{"line":81,"column":2},"end":{"line":81,"column":8}},"loc":{"start":{"line":81,"column":53},"end":{"line":95,"column":null}}}},"branchMap":{"0":{"loc":{"start":{"line":30,"column":6},"end":{"line":34,"column":7}},"type":"if","locations":[{"start":{"line":30,"column":6},"end":{"line":34,"column":7}}]},"1":{"loc":{"start":{"line":30,"column":10},"end":{"line":30,"column":25}},"type":"binary-expr","locations":[{"start":{"line":30,"column":10},"end":{"line":30,"column":15}},{"start":{"line":30,"column":19},"end":{"line":30,"column":25}}]},"2":{"loc":{"start":{"line":38,"column":6},"end":{"line":44,"column":7}},"type":"if","locations":[{"start":{"line":38,"column":6},"end":{"line":44,"column":7}},{"start":{"line":40,"column":13},"end":{"line":44,"column":7}}]},"3":{"loc":{"start":{"line":56,"column":6},"end":{"line":58,"column":7}},"type":"if","locations":[{"start":{"line":56,"column":6},"end":{"line":58,"column":7}}]},"4":{"loc":{"start":{"line":71,"column":6},"end":{"line":75,"column":7}},"type":"if","locations":[{"start":{"line":71,"column":6},"end":{"line":75,"column":7}},{"start":{"line":73,"column":13},"end":{"line":75,"column":7}}]},"5":{"loc":{"start":{"line":87,"column":6},"end":{"line":91,"column":7}},"type":"if","locations":[{"start":{"line":87,"column":6},"end":{"line":91,"column":7}},{"start":{"line":89,"column":13},"end":{"line":91,"column":7}}]}},"s":{"0":2,"1":1,"2":1,"3":1,"4":0,"5":1,"6":1,"7":1,"8":0,"9":1,"10":1,"11":1,"12":0,"13":0,"14":0,"15":1,"16":1,"17":1,"18":1,"19":0,"20":1,"21":0,"22":1,"23":1,"24":1,"25":1,"26":1,"27":0,"28":0,"29":1,"30":1,"31":1,"32":1,"33":1,"34":1,"35":0,"36":0,"37":2},"f":{"0":1,"1":1,"2":1,"3":1,"4":1},"b":{"0":[0],"1":[1,1],"2":[1,0],"3":[0],"4":[1,0],"5":[1,0]}}
,"D:\\SYNRGY ACADEMY\\Challenge\\Challenge\\car-management-dashboard\\api\\src\\controllers\\user-controllers.ts": {"path":"D:\\SYNRGY ACADEMY\\Challenge\\Challenge\\car-management-dashboard\\api\\src\\controllers\\user-controllers.ts","statementMap":{"0":{"start":{"line":2,"column":0},"end":{"line":2,"column":57}},"1":{"start":{"line":6,"column":4},"end":{"line":23,"column":5}},"2":{"start":{"line":7,"column":34},"end":{"line":7,"column":42}},"3":{"start":{"line":9,"column":19},"end":{"line":9,"column":59}},"4":{"start":{"line":11,"column":6},"end":{"line":16,"column":7}},"5":{"start":{"line":15,"column":8},"end":{"line":15,"column":76}},"6":{"start":{"line":18,"column":20},"end":{"line":18,"column":55}},"7":{"start":{"line":19,"column":6},"end":{"line":19,"column":33}},"8":{"start":{"line":21,"column":6},"end":{"line":21,"column":27}},"9":{"start":{"line":22,"column":6},"end":{"line":22,"column":70}},"10":{"start":{"line":27,"column":4},"end":{"line":67,"column":5}},"11":{"start":{"line":28,"column":40},"end":{"line":28,"column":48}},"12":{"start":{"line":31,"column":21},"end":{"line":31,"column":57}},"13":{"start":{"line":32,"column":6},"end":{"line":36,"column":7}},"14":{"start":{"line":33,"column":8},"end":{"line":35,"column":63}},"15":{"start":{"line":38,"column":29},"end":{"line":38,"column":67}},"16":{"start":{"line":39,"column":6},"end":{"line":43,"column":7}},"17":{"start":{"line":40,"column":8},"end":{"line":42,"column":63}},"18":{"start":{"line":46,"column":27},"end":{"line":46,"column":67}},"19":{"start":{"line":47,"column":6},"end":{"line":49,"column":7}},"20":{"start":{"line":48,"column":8},"end":{"line":48,"column":72}},"21":{"start":{"line":51,"column":29},"end":{"line":51,"column":70}},"22":{"start":{"line":53,"column":23},"end":{"line":58,"column":8}},"23":{"start":{"line":60,"column":6},"end":{"line":63,"column":9}},"24":{"start":{"line":65,"column":6},"end":{"line":65,"column":27}},"25":{"start":{"line":66,"column":6},"end":{"line":66,"column":70}},"26":{"start":{"line":71,"column":4},"end":{"line":90,"column":5}},"27":{"start":{"line":72,"column":40},"end":{"line":72,"column":48}},"28":{"start":{"line":74,"column":29},"end":{"line":74,"column":70}},"29":{"start":{"line":76,"column":24},"end":{"line":81,"column":8}},"30":{"start":{"line":83,"column":6},"end":{"line":86,"column":9}},"31":{"start":{"line":88,"column":6},"end":{"line":88,"column":27}},"32":{"start":{"line":89,"column":6},"end":{"line":89,"column":70}},"33":{"start":{"line":94,"column":19},"end":{"line":94,"column":55}},"34":{"start":{"line":96,"column":4},"end":{"line":98,"column":5}},"35":{"start":{"line":97,"column":6},"end":{"line":97,"column":61}},"36":{"start":{"line":100,"column":17},"end":{"line":100,"column":55}},"37":{"start":{"line":102,"column":4},"end":{"line":104,"column":5}},"38":{"start":{"line":103,"column":6},"end":{"line":103,"column":63}},"39":{"start":{"line":106,"column":4},"end":{"line":106,"column":30}},"40":{"start":{"line":110,"column":9},"end":{"line":110,"column":24}}},"fnMap":{"0":{"name":"(anonymous_7)","decl":{"start":{"line":5,"column":2},"end":{"line":5,"column":8}},"loc":{"start":{"line":5,"column":48},"end":{"line":24,"column":null}}},"1":{"name":"(anonymous_9)","decl":{"start":{"line":26,"column":2},"end":{"line":26,"column":8}},"loc":{"start":{"line":26,"column":56},"end":{"line":68,"column":null}}},"2":{"name":"(anonymous_11)","decl":{"start":{"line":70,"column":2},"end":{"line":70,"column":8}},"loc":{"start":{"line":70,"column":57},"end":{"line":91,"column":null}}},"3":{"name":"(anonymous_13)","decl":{"start":{"line":93,"column":2},"end":{"line":93,"column":8}},"loc":{"start":{"line":93,"column":57},"end":{"line":107,"column":null}}}},"branchMap":{"0":{"loc":{"start":{"line":11,"column":6},"end":{"line":16,"column":7}},"type":"if","locations":[{"start":{"line":11,"column":6},"end":{"line":16,"column":7}}]},"1":{"loc":{"start":{"line":12,"column":8},"end":{"line":13,"column":71}},"type":"binary-expr","locations":[{"start":{"line":12,"column":8},"end":{"line":12,"column":13}},{"start":{"line":13,"column":8},"end":{"line":13,"column":71}}]},"2":{"loc":{"start":{"line":32,"column":6},"end":{"line":36,"column":7}},"type":"if","locations":[{"start":{"line":32,"column":6},"end":{"line":36,"column":7}}]},"3":{"loc":{"start":{"line":39,"column":6},"end":{"line":43,"column":7}},"type":"if","locations":[{"start":{"line":39,"column":6},"end":{"line":43,"column":7}}]},"4":{"loc":{"start":{"line":39,"column":10},"end":{"line":39,"column":65}},"type":"binary-expr","locations":[{"start":{"line":39,"column":10},"end":{"line":39,"column":25}},{"start":{"line":39,"column":29},"end":{"line":39,"column":65}}]},"5":{"loc":{"start":{"line":47,"column":6},"end":{"line":49,"column":7}},"type":"if","locations":[{"start":{"line":47,"column":6},"end":{"line":49,"column":7}}]},"6":{"loc":{"start":{"line":96,"column":4},"end":{"line":98,"column":5}},"type":"if","locations":[{"start":{"line":96,"column":4},"end":{"line":98,"column":5}}]},"7":{"loc":{"start":{"line":102,"column":4},"end":{"line":104,"column":5}},"type":"if","locations":[{"start":{"line":102,"column":4},"end":{"line":104,"column":5}}]}},"s":{"0":2,"1":3,"2":3,"3":3,"4":3,"5":0,"6":3,"7":3,"8":0,"9":0,"10":1,"11":1,"12":1,"13":1,"14":0,"15":1,"16":1,"17":0,"18":1,"19":1,"20":0,"21":1,"22":1,"23":1,"24":0,"25":0,"26":1,"27":1,"28":1,"29":1,"30":1,"31":0,"32":0,"33":1,"34":1,"35":0,"36":1,"37":1,"38":0,"39":1,"40":2},"f":{"0":3,"1":1,"2":1,"3":1},"b":{"0":[0],"1":[3,3],"2":[0],"3":[0],"4":[1,1],"5":[0],"6":[0],"7":[0]}}
,"D:\\SYNRGY ACADEMY\\Challenge\\Challenge\\car-management-dashboard\\api\\src\\db\\db-setup.ts": {"path":"D:\\SYNRGY ACADEMY\\Challenge\\Challenge\\car-management-dashboard\\api\\src\\db\\db-setup.ts","statementMap":{"0":{"start":{"line":1,"column":0},"end":{"line":1,"column":24}},"1":{"start":{"line":2,"column":0},"end":{"line":2,"column":34}},"2":{"start":{"line":3,"column":0},"end":{"line":3,"column":34}},"3":{"start":{"line":6,"column":13},"end":{"line":6,"column":39}},"4":{"start":{"line":8,"column":2},"end":{"line":8,"column":17}},"5":{"start":{"line":11,"column":9},"end":{"line":11,"column":16}}},"fnMap":{"0":{"name":"setupDb","decl":{"start":{"line":5,"column":9},"end":{"line":5,"column":16}},"loc":{"start":{"line":5,"column":16},"end":{"line":9,"column":1}}}},"branchMap":{},"s":{"0":2,"1":2,"2":2,"3":2,"4":2,"5":2},"f":{"0":2},"b":{}}
,"D:\\SYNRGY ACADEMY\\Challenge\\Challenge\\car-management-dashboard\\api\\src\\db\\knexfile.ts": {"path":"D:\\SYNRGY ACADEMY\\Challenge\\Challenge\\car-management-dashboard\\api\\src\\db\\knexfile.ts","statementMap":{"0":{"start":{"line":2,"column":0},"end":{"line":2,"column":28}},"1":{"start":{"line":3,"column":0},"end":{"line":3,"column":16}},"2":{"start":{"line":7,"column":47},"end":{"line":58,"column":2}},"3":{"start":{"line":60,"column":0},"end":{"line":60,"column":22}}},"fnMap":{},"branchMap":{"0":{"loc":{"start":{"line":11,"column":16},"end":{"line":11,"column":69}},"type":"binary-expr","locations":[{"start":{"line":11,"column":16},"end":{"line":11,"column":39}},{"start":{"line":11,"column":43},"end":{"line":11,"column":69}}]},"1":{"loc":{"start":{"line":12,"column":12},"end":{"line":12,"column":52}},"type":"binary-expr","locations":[{"start":{"line":12,"column":12},"end":{"line":12,"column":37}},{"start":{"line":12,"column":41},"end":{"line":12,"column":52}}]},"2":{"loc":{"start":{"line":13,"column":16},"end":{"line":13,"column":57}},"type":"binary-expr","locations":[{"start":{"line":13,"column":16},"end":{"line":13,"column":45}},{"start":{"line":13,"column":49},"end":{"line":13,"column":57}}]}},"s":{"0":2,"1":2,"2":2,"3":2},"f":{},"b":{"0":[2,0],"1":[2,0],"2":[2,0]}}
,"D:\\SYNRGY ACADEMY\\Challenge\\Challenge\\car-management-dashboard\\api\\src\\middleware\\auth-middleware.ts": {"path":"D:\\SYNRGY ACADEMY\\Challenge\\Challenge\\car-management-dashboard\\api\\src\\middleware\\auth-middleware.ts","statementMap":{"0":{"start":{"line":2,"column":0},"end":{"line":2,"column":57}},"1":{"start":{"line":4,"column":28},"end":{"line":32,"column":2}},"2":{"start":{"line":8,"column":4},"end":{"line":32,"column":2}},"3":{"start":{"line":9,"column":2},"end":{"line":31,"column":3}},"4":{"start":{"line":10,"column":18},"end":{"line":10,"column":58}},"5":{"start":{"line":12,"column":4},"end":{"line":14,"column":5}},"6":{"start":{"line":13,"column":6},"end":{"line":13,"column":79}},"7":{"start":{"line":16,"column":25},"end":{"line":16,"column":56}},"8":{"start":{"line":18,"column":4},"end":{"line":22,"column":5}},"9":{"start":{"line":19,"column":6},"end":{"line":21,"column":61}},"10":{"start":{"line":26,"column":4},"end":{"line":26,"column":28}},"11":{"start":{"line":27,"column":4},"end":{"line":27,"column":11}},"12":{"start":{"line":29,"column":4},"end":{"line":29,"column":50}},"13":{"start":{"line":30,"column":4},"end":{"line":30,"column":78}},"14":{"start":{"line":4,"column":13},"end":{"line":4,"column":28}}},"fnMap":{"0":{"name":"(anonymous_7)","decl":{"start":{"line":4,"column":28},"end":{"line":4,"column":null}},"loc":{"start":{"line":8,"column":4},"end":{"line":32,"column":2}}},"1":{"name":"(anonymous_8)","decl":{"start":{"line":8,"column":4},"end":{"line":8,"column":null}},"loc":{"start":{"line":8,"column":4},"end":{"line":32,"column":1}}}},"branchMap":{"0":{"loc":{"start":{"line":10,"column":18},"end":{"line":10,"column":58}},"type":"cond-expr","locations":[{"start":{"line":10,"column":43},"end":{"line":10,"column":45}},{"start":{"line":10,"column":43},"end":{"line":10,"column":58}}]},"1":{"loc":{"start":{"line":10,"column":18},"end":{"line":10,"column":45}},"type":"binary-expr","locations":[{"start":{"line":10,"column":18},"end":{"line":10,"column":45}},{"start":{"line":10,"column":43},"end":{"line":10,"column":45}}]},"2":{"loc":{"start":{"line":12,"column":4},"end":{"line":14,"column":5}},"type":"if","locations":[{"start":{"line":12,"column":4},"end":{"line":14,"column":5}}]},"3":{"loc":{"start":{"line":18,"column":4},"end":{"line":22,"column":5}},"type":"if","locations":[{"start":{"line":18,"column":4},"end":{"line":22,"column":5}}]}},"s":{"0":2,"1":2,"2":4,"3":4,"4":4,"5":4,"6":0,"7":4,"8":4,"9":0,"10":4,"11":4,"12":0,"13":0,"14":2},"f":{"0":4,"1":4},"b":{"0":[0,4],"1":[4,4],"2":[0],"3":[0]}}
,"D:\\SYNRGY ACADEMY\\Challenge\\Challenge\\car-management-dashboard\\api\\src\\middleware\\cloudinary.ts": {"path":"D:\\SYNRGY ACADEMY\\Challenge\\Challenge\\car-management-dashboard\\api\\src\\middleware\\cloudinary.ts","statementMap":{"0":{"start":{"line":1,"column":0},"end":{"line":1,"column":15}},"1":{"start":{"line":12,"column":9},"end":{"line":1,"column":46}},"2":{"start":{"line":2,"column":0},"end":{"line":2,"column":28}},"3":{"start":{"line":3,"column":0},"end":{"line":3,"column":16}},"4":{"start":{"line":5,"column":0},"end":{"line":10,"column":3}}},"fnMap":{"0":{"name":"(anonymous_1)","decl":{"start":{"line":12,"column":9},"end":{"line":12,"column":19}},"loc":{"start":{"line":12,"column":9},"end":{"line":1,"column":46}}}},"branchMap":{"0":{"loc":{"start":{"line":6,"column":14},"end":{"line":6,"column":56}},"type":"binary-expr","locations":[{"start":{"line":6,"column":14},"end":{"line":6,"column":41}},{"start":{"line":6,"column":45},"end":{"line":6,"column":56}}]},"1":{"loc":{"start":{"line":7,"column":11},"end":{"line":7,"column":62}},"type":"binary-expr","locations":[{"start":{"line":7,"column":11},"end":{"line":7,"column":41}},{"start":{"line":7,"column":45},"end":{"line":7,"column":62}}]},"2":{"loc":{"start":{"line":9,"column":4},"end":{"line":9,"column":70}},"type":"binary-expr","locations":[{"start":{"line":9,"column":4},"end":{"line":9,"column":37}},{"start":{"line":9,"column":41},"end":{"line":9,"column":70}}]}},"s":{"0":2,"1":3,"2":2,"3":2,"4":2},"f":{"0":1},"b":{"0":[2,0],"1":[2,0],"2":[2,0]}}
,"D:\\SYNRGY ACADEMY\\Challenge\\Challenge\\car-management-dashboard\\api\\src\\middleware\\upload.ts": {"path":"D:\\SYNRGY ACADEMY\\Challenge\\Challenge\\car-management-dashboard\\api\\src\\middleware\\upload.ts","statementMap":{"0":{"start":{"line":1,"column":0},"end":{"line":1,"column":28}},"1":{"start":{"line":3,"column":16},"end":{"line":3,"column":38}},"2":{"start":{"line":4,"column":15},"end":{"line":4,"column":34}},"3":{"start":{"line":6,"column":9},"end":{"line":6,"column":15}}},"fnMap":{},"branchMap":{},"s":{"0":2,"1":2,"2":2,"3":2},"f":{},"b":{}}
,"D:\\SYNRGY ACADEMY\\Challenge\\Challenge\\car-management-dashboard\\api\\src\\models\\cars.ts": {"path":"D:\\SYNRGY ACADEMY\\Challenge\\Challenge\\car-management-dashboard\\api\\src\\models\\cars.ts","statementMap":{"0":{"start":{"line":1,"column":0},"end":{"line":1,"column":47}},"1":{"start":{"line":15,"column":4},"end":{"line":15,"column":18}},"2":{"start":{"line":3,"column":0},"end":{"line":3,"column":13}}},"fnMap":{"0":{"name":"(anonymous_0)","decl":{"start":{"line":14,"column":2},"end":{"line":14,"column":8}},"loc":{"start":{"line":14,"column":22},"end":{"line":16,"column":3}}}},"branchMap":{},"s":{"0":2,"1":37,"2":2},"f":{"0":37},"b":{}}
,"D:\\SYNRGY ACADEMY\\Challenge\\Challenge\\car-management-dashboard\\api\\src\\models\\users.ts": {"path":"D:\\SYNRGY ACADEMY\\Challenge\\Challenge\\car-management-dashboard\\api\\src\\models\\users.ts","statementMap":{"0":{"start":{"line":1,"column":0},"end":{"line":1,"column":47}},"1":{"start":{"line":13,"column":4},"end":{"line":13,"column":19}},"2":{"start":{"line":3,"column":0},"end":{"line":3,"column":13}}},"fnMap":{"0":{"name":"(anonymous_0)","decl":{"start":{"line":12,"column":2},"end":{"line":12,"column":8}},"loc":{"start":{"line":12,"column":22},"end":{"line":14,"column":3}}}},"branchMap":{},"s":{"0":2,"1":39,"2":2},"f":{"0":39},"b":{}}
,"D:\\SYNRGY ACADEMY\\Challenge\\Challenge\\car-management-dashboard\\api\\src\\repositories\\car-repository.ts": {"path":"D:\\SYNRGY ACADEMY\\Challenge\\Challenge\\car-management-dashboard\\api\\src\\repositories\\car-repository.ts","statementMap":{"0":{"start":{"line":1,"column":0},"end":{"line":1,"column":43}},"1":{"start":{"line":17,"column":4},"end":{"line":17,"column":29}},"2":{"start":{"line":21,"column":4},"end":{"line":21,"column":45}},"3":{"start":{"line":25,"column":4},"end":{"line":28,"column":7}},"4":{"start":{"line":32,"column":4},"end":{"line":34,"column":73}},"5":{"start":{"line":38,"column":4},"end":{"line":43,"column":9}},"6":{"start":{"line":42,"column":8},"end":{"line":42,"column":51}},"7":{"start":{"line":47,"column":9},"end":{"line":47,"column":23}}},"fnMap":{"0":{"name":"(anonymous_0)","decl":{"start":{"line":16,"column":2},"end":{"line":16,"column":8}},"loc":{"start":{"line":16,"column":15},"end":{"line":18,"column":3}}},"1":{"name":"(anonymous_1)","decl":{"start":{"line":20,"column":2},"end":{"line":20,"column":8}},"loc":{"start":{"line":20,"column":30},"end":{"line":22,"column":3}}},"2":{"name":"(anonymous_2)","decl":{"start":{"line":24,"column":2},"end":{"line":24,"column":8}},"loc":{"start":{"line":24,"column":48},"end":{"line":29,"column":3}}},"3":{"name":"(anonymous_3)","decl":{"start":{"line":31,"column":2},"end":{"line":31,"column":8}},"loc":{"start":{"line":31,"column":63},"end":{"line":35,"column":3}}},"4":{"name":"(anonymous_4)","decl":{"start":{"line":37,"column":2},"end":{"line":37,"column":8}},"loc":{"start":{"line":37,"column":45},"end":{"line":44,"column":3}}},"5":{"name":"(anonymous_5)","decl":{"start":{"line":41,"column":12},"end":{"line":41,"column":15}},"loc":{"start":{"line":41,"column":17},"end":{"line":43,"column":7}}}},"branchMap":{},"s":{"0":2,"1":1,"2":2,"3":1,"4":1,"5":1,"6":1,"7":2},"f":{"0":1,"1":2,"2":1,"3":1,"4":1,"5":1},"b":{}}
,"D:\\SYNRGY ACADEMY\\Challenge\\Challenge\\car-management-dashboard\\api\\src\\repositories\\user-repository.ts": {"path":"D:\\SYNRGY ACADEMY\\Challenge\\Challenge\\car-management-dashboard\\api\\src\\repositories\\user-repository.ts","statementMap":{"0":{"start":{"line":1,"column":0},"end":{"line":1,"column":51}},"1":{"start":{"line":13,"column":4},"end":{"line":19,"column":5}},"2":{"start":{"line":14,"column":22},"end":{"line":14,"column":71}},"3":{"start":{"line":15,"column":6},"end":{"line":15,"column":21}},"4":{"start":{"line":17,"column":6},"end":{"line":17,"column":51}},"5":{"start":{"line":18,"column":6},"end":{"line":18,"column":49}},"6":{"start":{"line":23,"column":4},"end":{"line":23,"column":49}},"7":{"start":{"line":27,"column":4},"end":{"line":27,"column":43}},"8":{"start":{"line":31,"column":9},"end":{"line":31,"column":24}}},"fnMap":{"0":{"name":"(anonymous_7)","decl":{"start":{"line":12,"column":2},"end":{"line":12,"column":8}},"loc":{"start":{"line":12,"column":44},"end":{"line":20,"column":null}}},"1":{"name":"(anonymous_9)","decl":{"start":{"line":22,"column":2},"end":{"line":22,"column":8}},"loc":{"start":{"line":22,"column":43},"end":{"line":24,"column":null}}},"2":{"name":"(anonymous_11)","decl":{"start":{"line":26,"column":2},"end":{"line":26,"column":8}},"loc":{"start":{"line":26,"column":37},"end":{"line":28,"column":null}}}},"branchMap":{},"s":{"0":2,"1":2,"2":2,"3":2,"4":0,"5":0,"6":4,"7":2,"8":2},"f":{"0":2,"1":4,"2":2},"b":{}}
,"D:\\SYNRGY ACADEMY\\Challenge\\Challenge\\car-management-dashboard\\api\\src\\routes\\car-router.ts": {"path":"D:\\SYNRGY ACADEMY\\Challenge\\Challenge\\car-management-dashboard\\api\\src\\routes\\car-router.ts","statementMap":{"0":{"start":{"line":1,"column":0},"end":{"line":1,"column":30}},"1":{"start":{"line":2,"column":0},"end":{"line":2,"column":46}},"2":{"start":{"line":3,"column":0},"end":{"line":3,"column":64}},"3":{"start":{"line":4,"column":0},"end":{"line":4,"column":61}},"4":{"start":{"line":6,"column":15},"end":{"line":6,"column":31}},"5":{"start":{"line":8,"column":0},"end":{"line":8,"column":40}},"6":{"start":{"line":9,"column":0},"end":{"line":9,"column":48}},"7":{"start":{"line":10,"column":0},"end":{"line":10,"column":80}},"8":{"start":{"line":11,"column":0},"end":{"line":11,"column":68}},"9":{"start":{"line":12,"column":0},"end":{"line":17,"column":2}},"10":{"start":{"line":19,"column":0},"end":{"line":19,"column":22}}},"fnMap":{},"branchMap":{},"s":{"0":2,"1":2,"2":2,"3":2,"4":2,"5":2,"6":2,"7":2,"8":2,"9":2,"10":2},"f":{},"b":{}}
,"D:\\SYNRGY ACADEMY\\Challenge\\Challenge\\car-management-dashboard\\api\\src\\routes\\user-router.ts": {"path":"D:\\SYNRGY ACADEMY\\Challenge\\Challenge\\car-management-dashboard\\api\\src\\routes\\user-router.ts","statementMap":{"0":{"start":{"line":1,"column":0},"end":{"line":1,"column":30}},"1":{"start":{"line":2,"column":0},"end":{"line":2,"column":66}},"2":{"start":{"line":3,"column":0},"end":{"line":3,"column":61}},"3":{"start":{"line":5,"column":15},"end":{"line":5,"column":31}},"4":{"start":{"line":7,"column":0},"end":{"line":7,"column":45}},"5":{"start":{"line":8,"column":0},"end":{"line":8,"column":62}},"6":{"start":{"line":9,"column":0},"end":{"line":9,"column":64}},"7":{"start":{"line":10,"column":0},"end":{"line":10,"column":74}},"8":{"start":{"line":12,"column":0},"end":{"line":12,"column":22}}},"fnMap":{},"branchMap":{},"s":{"0":2,"1":2,"2":2,"3":2,"4":2,"5":2,"6":2,"7":2,"8":2},"f":{},"b":{}}
,"D:\\SYNRGY ACADEMY\\Challenge\\Challenge\\car-management-dashboard\\api\\src\\services\\car-services.ts": {"path":"D:\\SYNRGY ACADEMY\\Challenge\\Challenge\\car-management-dashboard\\api\\src\\services\\car-services.ts","statementMap":{"0":{"start":{"line":2,"column":0},"end":{"line":2,"column":54}},"1":{"start":{"line":3,"column":0},"end":{"line":3,"column":64}},"2":{"start":{"line":4,"column":0},"end":{"line":4,"column":47}},"3":{"start":{"line":21,"column":4},"end":{"line":21,"column":35}},"4":{"start":{"line":25,"column":4},"end":{"line":25,"column":41}},"5":{"start":{"line":28,"column":19},"end":{"line":28,"column":55}},"6":{"start":{"line":30,"column":4},"end":{"line":32,"column":5}},"7":{"start":{"line":31,"column":6},"end":{"line":31,"column":38}},"8":{"start":{"line":34,"column":21},"end":{"line":34,"column":24}},"9":{"start":{"line":36,"column":4},"end":{"line":38,"column":5}},"10":{"start":{"line":37,"column":6},"end":{"line":37,"column":61}},"11":{"start":{"line":40,"column":23},"end":{"line":40,"column":53}},"12":{"start":{"line":41,"column":21},"end":{"line":41,"column":65}},"13":{"start":{"line":43,"column":62},"end":{"line":50,"column":6}},"14":{"start":{"line":46,"column":6},"end":{"line":49,"column":9}},"15":{"start":{"line":47,"column":8},"end":{"line":47,"column":33}},"16":{"start":{"line":47,"column":19},"end":{"line":47,"column":33}},"17":{"start":{"line":48,"column":8},"end":{"line":48,"column":24}},"18":{"start":{"line":52,"column":21},"end":{"line":52,"column":51}},"19":{"start":{"line":54,"column":4},"end":{"line":65,"column":5}},"20":{"start":{"line":55,"column":19},"end":{"line":59,"column":null}},"21":{"start":{"line":62,"column":6},"end":{"line":62,"column":52}},"22":{"start":{"line":64,"column":6},"end":{"line":64,"column":62}},"23":{"start":{"line":69,"column":19},"end":{"line":69,"column":55}},"24":{"start":{"line":71,"column":4},"end":{"line":73,"column":5}},"25":{"start":{"line":72,"column":6},"end":{"line":72,"column":38}},"26":{"start":{"line":75,"column":24},"end":{"line":75,"column":59}},"27":{"start":{"line":77,"column":21},"end":{"line":77,"column":24}},"28":{"start":{"line":78,"column":4},"end":{"line":96,"column":5}},"29":{"start":{"line":80,"column":25},"end":{"line":80,"column":55}},"30":{"start":{"line":81,"column":23},"end":{"line":81,"column":67}},"31":{"start":{"line":84,"column":8},"end":{"line":89,"column":10}},"32":{"start":{"line":85,"column":10},"end":{"line":88,"column":13}},"33":{"start":{"line":86,"column":12},"end":{"line":86,"column":37}},"34":{"start":{"line":86,"column":23},"end":{"line":86,"column":37}},"35":{"start":{"line":87,"column":12},"end":{"line":87,"column":28}},"36":{"start":{"line":92,"column":6},"end":{"line":92,"column":53}},"37":{"start":{"line":93,"column":11},"end":{"line":96,"column":5}},"38":{"start":{"line":95,"column":6},"end":{"line":95,"column":40}},"39":{"start":{"line":98,"column":4},"end":{"line":102,"column":6}},"40":{"start":{"line":106,"column":19},"end":{"line":106,"column":55}},"41":{"start":{"line":108,"column":4},"end":{"line":110,"column":5}},"42":{"start":{"line":109,"column":6},"end":{"line":109,"column":38}},"43":{"start":{"line":112,"column":4},"end":{"line":112,"column":48}},"44":{"start":{"line":116,"column":9},"end":{"line":116,"column":20}}},"fnMap":{"0":{"name":"(anonymous_7)","decl":{"start":{"line":20,"column":2},"end":{"line":20,"column":8}},"loc":{"start":{"line":20,"column":21},"end":{"line":22,"column":null}}},"1":{"name":"(anonymous_9)","decl":{"start":{"line":24,"column":2},"end":{"line":24,"column":8}},"loc":{"start":{"line":24,"column":36},"end":{"line":26,"column":null}}},"2":{"name":"(anonymous_11)","decl":{"start":{"line":27,"column":2},"end":{"line":27,"column":8}},"loc":{"start":{"line":27,"column":52},"end":{"line":66,"column":null}}},"3":{"name":"(anonymous_13)","decl":{"start":{"line":45,"column":6},"end":{"line":45,"column":7}},"loc":{"start":{"line":45,"column":26},"end":{"line":50,"column":5}}},"4":{"name":"(anonymous_14)","decl":{"start":{"line":46,"column":43},"end":{"line":46,"column":44}},"loc":{"start":{"line":46,"column":61},"end":{"line":49,"column":7}}},"5":{"name":"(anonymous_15)","decl":{"start":{"line":68,"column":2},"end":{"line":68,"column":8}},"loc":{"start":{"line":68,"column":67},"end":{"line":103,"column":null}}},"6":{"name":"(anonymous_17)","decl":{"start":{"line":84,"column":57},"end":{"line":84,"column":58}},"loc":{"start":{"line":84,"column":77},"end":{"line":89,"column":9}}},"7":{"name":"(anonymous_18)","decl":{"start":{"line":85,"column":47},"end":{"line":85,"column":48}},"loc":{"start":{"line":85,"column":65},"end":{"line":88,"column":11}}},"8":{"name":"(anonymous_19)","decl":{"start":{"line":105,"column":2},"end":{"line":105,"column":8}},"loc":{"start":{"line":105,"column":49},"end":{"line":113,"column":null}}}},"branchMap":{"0":{"loc":{"start":{"line":30,"column":4},"end":{"line":32,"column":5}},"type":"if","locations":[{"start":{"line":30,"column":4},"end":{"line":32,"column":5}}]},"1":{"loc":{"start":{"line":36,"column":4},"end":{"line":38,"column":5}},"type":"if","locations":[{"start":{"line":36,"column":4},"end":{"line":38,"column":5}}]},"2":{"loc":{"start":{"line":36,"column":8},"end":{"line":36,"column":29}},"type":"binary-expr","locations":[{"start":{"line":36,"column":8},"end":{"line":36,"column":13}},{"start":{"line":36,"column":17},"end":{"line":36,"column":29}}]},"3":{"loc":{"start":{"line":47,"column":8},"end":{"line":47,"column":33}},"type":"if","locations":[{"start":{"line":47,"column":8},"end":{"line":47,"column":33}}]},"4":{"loc":{"start":{"line":52,"column":21},"end":{"line":52,"column":51}},"type":"cond-expr","locations":[{"start":{"line":52,"column":39},"end":{"line":52,"column":41}},{"start":{"line":52,"column":21},"end":{"line":52,"column":51}}]},"5":{"loc":{"start":{"line":52,"column":21},"end":{"line":52,"column":41}},"type":"binary-expr","locations":[{"start":{"line":52,"column":21},"end":{"line":52,"column":41}},{"start":{"line":52,"column":21},"end":{"line":52,"column":41}}]},"6":{"loc":{"start":{"line":54,"column":4},"end":{"line":65,"column":5}},"type":"if","locations":[{"start":{"line":54,"column":4},"end":{"line":65,"column":5}},{"start":{"line":63,"column":11},"end":{"line":65,"column":5}}]},"7":{"loc":{"start":{"line":71,"column":4},"end":{"line":73,"column":5}},"type":"if","locations":[{"start":{"line":71,"column":4},"end":{"line":73,"column":5}}]},"8":{"loc":{"start":{"line":78,"column":4},"end":{"line":96,"column":5}},"type":"if","locations":[{"start":{"line":78,"column":4},"end":{"line":96,"column":5}},{"start":{"line":93,"column":11},"end":{"line":96,"column":5}}]},"9":{"loc":{"start":{"line":78,"column":8},"end":{"line":78,"column":42}},"type":"binary-expr","locations":[{"start":{"line":78,"column":8},"end":{"line":78,"column":19}},{"start":{"line":78,"column":23},"end":{"line":78,"column":27}},{"start":{"line":78,"column":31},"end":{"line":78,"column":42}}]},"10":{"loc":{"start":{"line":86,"column":12},"end":{"line":86,"column":37}},"type":"if","locations":[{"start":{"line":86,"column":12},"end":{"line":86,"column":37}}]},"11":{"loc":{"start":{"line":93,"column":11},"end":{"line":96,"column":5}},"type":"if","locations":[{"start":{"line":93,"column":11},"end":{"line":96,"column":5}}]},"12":{"loc":{"start":{"line":108,"column":4},"end":{"line":110,"column":5}},"type":"if","locations":[{"start":{"line":108,"column":4},"end":{"line":110,"column":5}}]}},"s":{"0":2,"1":2,"2":2,"3":1,"4":1,"5":1,"6":1,"7":0,"8":1,"9":1,"10":0,"11":1,"12":1,"13":1,"14":1,"15":1,"16":0,"17":1,"18":1,"19":1,"20":1,"21":1,"22":0,"23":1,"24":1,"25":0,"26":1,"27":1,"28":1,"29":0,"30":0,"31":0,"32":0,"33":0,"34":0,"35":0,"36":0,"37":1,"38":1,"39":1,"40":1,"41":1,"42":0,"43":1,"44":2},"f":{"0":1,"1":1,"2":1,"3":1,"4":1,"5":1,"6":0,"7":0,"8":1},"b":{"0":[0],"1":[0],"2":[1,1],"3":[0],"4":[0,1],"5":[1,1],"6":[1,0],"7":[0],"8":[0,1],"9":[1,1,0],"10":[0],"11":[1],"12":[0]}}
,"D:\\SYNRGY ACADEMY\\Challenge\\Challenge\\car-management-dashboard\\api\\src\\services\\user-services.ts": {"path":"D:\\SYNRGY ACADEMY\\Challenge\\Challenge\\car-management-dashboard\\api\\src\\services\\user-services.ts","statementMap":{"0":{"start":{"line":2,"column":0},"end":{"line":2,"column":66}},"1":{"start":{"line":3,"column":0},"end":{"line":3,"column":30}},"2":{"start":{"line":4,"column":0},"end":{"line":4,"column":31}},"3":{"start":{"line":10,"column":4},"end":{"line":10,"column":43}},"4":{"start":{"line":14,"column":4},"end":{"line":14,"column":48}},"5":{"start":{"line":18,"column":4},"end":{"line":18,"column":49}},"6":{"start":{"line":22,"column":17},"end":{"line":22,"column":41}},"7":{"start":{"line":23,"column":4},"end":{"line":23,"column":39}},"8":{"start":{"line":30,"column":4},"end":{"line":30,"column":57}},"9":{"start":{"line":34,"column":22},"end":{"line":34,"column":63}},"10":{"start":{"line":35,"column":4},"end":{"line":35,"column":64}},"11":{"start":{"line":39,"column":18},"end":{"line":39,"column":58}},"12":{"start":{"line":40,"column":4},"end":{"line":51,"column":5}},"13":{"start":{"line":41,"column":6},"end":{"line":50,"column":7}},"14":{"start":{"line":42,"column":34},"end":{"line":44,"column":null}},"15":{"start":{"line":46,"column":8},"end":{"line":46,"column":35}},"16":{"start":{"line":48,"column":8},"end":{"line":48,"column":65}},"17":{"start":{"line":49,"column":8},"end":{"line":49,"column":20}},"18":{"start":{"line":52,"column":4},"end":{"line":52,"column":16}},"19":{"start":{"line":56,"column":22},"end":{"line":56,"column":63}},"20":{"start":{"line":58,"column":4},"end":{"line":63,"column":5}},"21":{"start":{"line":59,"column":22},"end":{"line":59,"column":50}},"22":{"start":{"line":60,"column":6},"end":{"line":60,"column":21}},"23":{"start":{"line":62,"column":6},"end":{"line":62,"column":50}},"24":{"start":{"line":67,"column":9},"end":{"line":67,"column":21}}},"fnMap":{"0":{"name":"(anonymous_8)","decl":{"start":{"line":9,"column":2},"end":{"line":9,"column":8}},"loc":{"start":{"line":9,"column":37},"end":{"line":11,"column":null}}},"1":{"name":"(anonymous_10)","decl":{"start":{"line":13,"column":2},"end":{"line":13,"column":8}},"loc":{"start":{"line":13,"column":39},"end":{"line":15,"column":null}}},"2":{"name":"(anonymous_12)","decl":{"start":{"line":17,"column":2},"end":{"line":17,"column":8}},"loc":{"start":{"line":17,"column":43},"end":{"line":19,"column":null}}},"3":{"name":"(anonymous_14)","decl":{"start":{"line":21,"column":2},"end":{"line":21,"column":8}},"loc":{"start":{"line":21,"column":44},"end":{"line":24,"column":null}}},"4":{"name":"(anonymous_16)","decl":{"start":{"line":26,"column":2},"end":{"line":26,"column":8}},"loc":{"start":{"line":28,"column":26},"end":{"line":31,"column":null}}},"5":{"name":"(anonymous_18)","decl":{"start":{"line":33,"column":2},"end":{"line":33,"column":8}},"loc":{"start":{"line":33,"column":37},"end":{"line":36,"column":3}}},"6":{"name":"(anonymous_19)","decl":{"start":{"line":38,"column":2},"end":{"line":38,"column":8}},"loc":{"start":{"line":38,"column":40},"end":{"line":53,"column":3}}},"7":{"name":"(anonymous_20)","decl":{"start":{"line":55,"column":2},"end":{"line":55,"column":8}},"loc":{"start":{"line":55,"column":34},"end":{"line":64,"column":3}}}},"branchMap":{"0":{"loc":{"start":{"line":34,"column":22},"end":{"line":34,"column":63}},"type":"binary-expr","locations":[{"start":{"line":34,"column":22},"end":{"line":34,"column":44}},{"start":{"line":34,"column":48},"end":{"line":34,"column":63}}]},"1":{"loc":{"start":{"line":39,"column":18},"end":{"line":39,"column":58}},"type":"cond-expr","locations":[{"start":{"line":39,"column":43},"end":{"line":39,"column":45}},{"start":{"line":39,"column":43},"end":{"line":39,"column":58}}]},"2":{"loc":{"start":{"line":39,"column":18},"end":{"line":39,"column":45}},"type":"binary-expr","locations":[{"start":{"line":39,"column":18},"end":{"line":39,"column":45}},{"start":{"line":39,"column":43},"end":{"line":39,"column":45}}]},"3":{"loc":{"start":{"line":40,"column":4},"end":{"line":51,"column":5}},"type":"if","locations":[{"start":{"line":40,"column":4},"end":{"line":51,"column":5}}]},"4":{"loc":{"start":{"line":44,"column":10},"end":{"line":44,"column":51}},"type":"binary-expr","locations":[{"start":{"line":44,"column":10},"end":{"line":44,"column":32}},{"start":{"line":44,"column":36},"end":{"line":44,"column":51}}]},"5":{"loc":{"start":{"line":56,"column":22},"end":{"line":56,"column":63}},"type":"binary-expr","locations":[{"start":{"line":56,"column":22},"end":{"line":56,"column":44}},{"start":{"line":56,"column":48},"end":{"line":56,"column":63}}]}},"s":{"0":2,"1":2,"2":2,"3":2,"4":2,"5":4,"6":2,"7":2,"8":3,"9":3,"10":3,"11":5,"12":5,"13":5,"14":5,"15":5,"16":0,"17":0,"18":0,"19":4,"20":4,"21":4,"22":4,"23":0,"24":2},"f":{"0":2,"1":2,"2":4,"3":2,"4":3,"5":3,"6":5,"7":4},"b":{"0":[3,3],"1":[0,5],"2":[5,5],"3":[5],"4":[5,5],"5":[4,4]}}
}
