TN:
SF:src\index.ts
FN:24,(anonymous_1)
FN:28,(anonymous_2)
FNF:2
FNH:1
FNDA:0,(anonymous_1)
FNDA:1,(anonymous_2)
DA:1,2
DA:2,2
DA:3,2
DA:4,2
DA:5,2
DA:6,2
DA:7,2
DA:9,2
DA:10,2
DA:11,2
DA:13,2
DA:15,2
DA:16,2
DA:17,2
DA:19,2
DA:20,2
DA:22,2
DA:24,2
DA:25,0
DA:28,2
DA:30,2
LF:21
LH:20
BRDA:10,0,0,2
BRDA:10,0,1,2
BRF:2
BRH:2
end_of_record
TN:
SF:src\controllers\car-controllers.ts
FN:17,(anonymous_7)
FN:26,(anonymous_9)
FN:51,(anonymous_11)
FN:66,(anonymous_13)
FN:81,(anonymous_15)
FNF:5
FNH:5
FNDA:1,(anonymous_7)
FNDA:1,(anonymous_9)
FNDA:1,(anonymous_11)
FNDA:1,(anonymous_13)
FNDA:1,(anonymous_15)
DA:2,2
DA:18,1
DA:19,1
DA:20,1
DA:22,0
DA:27,1
DA:28,1
DA:30,1
DA:31,0
DA:36,1
DA:38,1
DA:39,1
DA:41,0
DA:46,0
DA:47,0
DA:52,1
DA:53,1
DA:54,1
DA:56,1
DA:57,0
DA:60,1
DA:62,0
DA:67,1
DA:68,1
DA:69,1
DA:71,1
DA:72,1
DA:74,0
DA:77,0
DA:82,1
DA:83,1
DA:84,1
DA:85,1
DA:87,1
DA:88,1
DA:90,0
DA:93,0
DA:98,2
LF:38
LH:27
BRDA:30,0,0,0
BRDA:30,1,0,1
BRDA:30,1,1,1
BRDA:38,2,0,1
BRDA:38,2,1,0
BRDA:56,3,0,0
BRDA:71,4,0,1
BRDA:71,4,1,0
BRDA:87,5,0,1
BRDA:87,5,1,0
BRF:10
BRH:5
end_of_record
TN:
SF:src\controllers\user-controllers.ts
FN:5,(anonymous_7)
FN:26,(anonymous_9)
FN:70,(anonymous_11)
FN:93,(anonymous_13)
FNF:4
FNH:4
FNDA:3,(anonymous_7)
FNDA:1,(anonymous_9)
FNDA:1,(anonymous_11)
FNDA:1,(anonymous_13)
DA:2,2
DA:6,3
DA:7,3
DA:9,3
DA:11,3
DA:15,0
DA:18,3
DA:19,3
DA:21,0
DA:22,0
DA:27,1
DA:28,1
DA:31,1
DA:32,1
DA:33,0
DA:38,1
DA:39,1
DA:40,0
DA:46,1
DA:47,1
DA:48,0
DA:51,1
DA:53,1
DA:60,1
DA:65,0
DA:66,0
DA:71,1
DA:72,1
DA:74,1
DA:76,1
DA:83,1
DA:88,0
DA:89,0
DA:94,1
DA:96,1
DA:97,0
DA:100,1
DA:102,1
DA:103,0
DA:106,1
DA:110,2
LF:41
LH:29
BRDA:11,0,0,0
BRDA:12,1,0,3
BRDA:12,1,1,3
BRDA:32,2,0,0
BRDA:39,3,0,0
BRDA:39,4,0,1
BRDA:39,4,1,1
BRDA:47,5,0,0
BRDA:96,6,0,0
BRDA:102,7,0,0
BRF:10
BRH:4
end_of_record
TN:
SF:src\db\db-setup.ts
FN:5,setupDb
FNF:1
FNH:1
FNDA:2,setupDb
DA:1,2
DA:2,2
DA:3,2
DA:6,2
DA:8,2
DA:11,2
LF:6
LH:6
BRF:0
BRH:0
end_of_record
TN:
SF:src\db\knexfile.ts
FNF:0
FNH:0
DA:2,2
DA:3,2
DA:7,2
DA:60,2
LF:4
LH:4
BRDA:11,0,0,2
BRDA:11,0,1,0
BRDA:12,1,0,2
BRDA:12,1,1,0
BRDA:13,2,0,2
BRDA:13,2,1,0
BRF:6
BRH:3
end_of_record
TN:
SF:src\middleware\auth-middleware.ts
FN:4,(anonymous_7)
FN:8,(anonymous_8)
FNF:2
FNH:2
FNDA:4,(anonymous_7)
FNDA:4,(anonymous_8)
DA:2,2
DA:4,2
DA:8,4
DA:9,4
DA:10,4
DA:12,4
DA:13,0
DA:16,4
DA:18,4
DA:19,0
DA:26,4
DA:27,4
DA:29,0
DA:30,0
LF:14
LH:10
BRDA:10,0,0,0
BRDA:10,0,1,4
BRDA:10,1,0,4
BRDA:10,1,1,4
BRDA:12,2,0,0
BRDA:18,3,0,0
BRF:6
BRH:3
end_of_record
TN:
SF:src\middleware\cloudinary.ts
FN:12,(anonymous_1)
FNF:1
FNH:1
FNDA:1,(anonymous_1)
DA:1,2
DA:2,2
DA:3,2
DA:5,2
DA:12,3
LF:5
LH:5
BRDA:6,0,0,2
BRDA:6,0,1,0
BRDA:7,1,0,2
BRDA:7,1,1,0
BRDA:9,2,0,2
BRDA:9,2,1,0
BRF:6
BRH:3
end_of_record
TN:
SF:src\middleware\upload.ts
FNF:0
FNH:0
DA:1,2
DA:3,2
DA:4,2
DA:6,2
LF:4
LH:4
BRF:0
BRH:0
end_of_record
TN:
SF:src\models\cars.ts
FN:14,(anonymous_0)
FNF:1
FNH:1
FNDA:37,(anonymous_0)
DA:1,2
DA:3,2
DA:15,37
LF:3
LH:3
BRF:0
BRH:0
end_of_record
TN:
SF:src\models\users.ts
FN:12,(anonymous_0)
FNF:1
FNH:1
FNDA:39,(anonymous_0)
DA:1,2
DA:3,2
DA:13,39
LF:3
LH:3
BRF:0
BRH:0
end_of_record
TN:
SF:src\repositories\car-repository.ts
FN:16,(anonymous_0)
FN:20,(anonymous_1)
FN:24,(anonymous_2)
FN:31,(anonymous_3)
FN:37,(anonymous_4)
FN:41,(anonymous_5)
FNF:6
FNH:6
FNDA:1,(anonymous_0)
FNDA:2,(anonymous_1)
FNDA:1,(anonymous_2)
FNDA:1,(anonymous_3)
FNDA:1,(anonymous_4)
FNDA:1,(anonymous_5)
DA:1,2
DA:17,1
DA:21,2
DA:25,1
DA:32,1
DA:38,1
DA:42,1
DA:47,2
LF:8
LH:8
BRF:0
BRH:0
end_of_record
TN:
SF:src\repositories\user-repository.ts
FN:12,(anonymous_7)
FN:22,(anonymous_9)
FN:26,(anonymous_11)
FNF:3
FNH:3
FNDA:2,(anonymous_7)
FNDA:4,(anonymous_9)
FNDA:2,(anonymous_11)
DA:1,2
DA:13,2
DA:14,2
DA:15,2
DA:17,0
DA:18,0
DA:23,4
DA:27,2
DA:31,2
LF:9
LH:7
BRF:0
BRH:0
end_of_record
TN:
SF:src\routes\car-router.ts
FNF:0
FNH:0
DA:1,2
DA:2,2
DA:3,2
DA:4,2
DA:6,2
DA:8,2
DA:9,2
DA:10,2
DA:11,2
DA:12,2
DA:19,2
LF:11
LH:11
BRF:0
BRH:0
end_of_record
TN:
SF:src\routes\user-router.ts
FNF:0
FNH:0
DA:1,2
DA:2,2
DA:3,2
DA:5,2
DA:7,2
DA:8,2
DA:9,2
DA:10,2
DA:12,2
LF:9
LH:9
BRF:0
BRH:0
end_of_record
TN:
SF:src\services\car-services.ts
FN:20,(anonymous_7)
FN:24,(anonymous_9)
FN:27,(anonymous_11)
FN:45,(anonymous_13)
FN:46,(anonymous_14)
FN:68,(anonymous_15)
FN:84,(anonymous_17)
FN:85,(anonymous_18)
FN:105,(anonymous_19)
FNF:9
FNH:7
FNDA:1,(anonymous_7)
FNDA:1,(anonymous_9)
FNDA:1,(anonymous_11)
FNDA:1,(anonymous_13)
FNDA:1,(anonymous_14)
FNDA:1,(anonymous_15)
FNDA:0,(anonymous_17)
FNDA:0,(anonymous_18)
FNDA:1,(anonymous_19)
DA:2,2
DA:3,2
DA:4,2
DA:21,1
DA:25,1
DA:28,1
DA:30,1
DA:31,0
DA:34,1
DA:36,1
DA:37,0
DA:40,1
DA:41,1
DA:43,1
DA:46,1
DA:47,1
DA:48,1
DA:52,1
DA:54,1
DA:55,1
DA:62,1
DA:64,0
DA:69,1
DA:71,1
DA:72,0
DA:75,1
DA:77,1
DA:78,1
DA:80,0
DA:81,0
DA:84,0
DA:85,0
DA:86,0
DA:87,0
DA:92,0
DA:93,1
DA:95,1
DA:98,1
DA:106,1
DA:108,1
DA:109,0
DA:112,1
DA:116,2
LF:43
LH:31
BRDA:30,0,0,0
BRDA:36,1,0,0
BRDA:36,2,0,1
BRDA:36,2,1,1
BRDA:47,3,0,0
BRDA:52,4,0,0
BRDA:52,4,1,1
BRDA:52,5,0,1
BRDA:52,5,1,1
BRDA:54,6,0,1
BRDA:54,6,1,0
BRDA:71,7,0,0
BRDA:78,8,0,0
BRDA:78,8,1,1
BRDA:78,9,0,1
BRDA:78,9,1,1
BRDA:78,9,2,0
BRDA:86,10,0,0
BRDA:93,11,0,1
BRDA:108,12,0,0
BRF:20
BRH:10
end_of_record
TN:
SF:src\services\user-services.ts
FN:9,(anonymous_8)
FN:13,(anonymous_10)
FN:17,(anonymous_12)
FN:21,(anonymous_14)
FN:26,(anonymous_16)
FN:33,(anonymous_18)
FN:38,(anonymous_19)
FN:55,(anonymous_20)
FNF:8
FNH:8
FNDA:2,(anonymous_8)
FNDA:2,(anonymous_10)
FNDA:4,(anonymous_12)
FNDA:2,(anonymous_14)
FNDA:3,(anonymous_16)
FNDA:3,(anonymous_18)
FNDA:5,(anonymous_19)
FNDA:4,(anonymous_20)
DA:2,2
DA:3,2
DA:4,2
DA:10,2
DA:14,2
DA:18,4
DA:22,2
DA:23,2
DA:30,3
DA:34,3
DA:35,3
DA:39,5
DA:40,5
DA:41,5
DA:42,5
DA:46,5
DA:48,0
DA:49,0
DA:52,0
DA:56,4
DA:58,4
DA:59,4
DA:60,4
DA:62,0
DA:67,2
LF:25
LH:21
BRDA:34,0,0,3
BRDA:34,0,1,3
BRDA:39,1,0,0
BRDA:39,1,1,5
BRDA:39,2,0,5
BRDA:39,2,1,5
BRDA:40,3,0,5
BRDA:44,4,0,5
BRDA:44,4,1,5
BRDA:56,5,0,4
BRDA:56,5,1,4
BRF:11
BRH:10
end_of_record
